[0.013s] Invoking command in '/home/patricia/Escritorio/TFG/build/oculus_gz_navigator': CMAKE_PREFIX_PATH=/opt/ros/humble /usr/bin/cmake /home/patricia/Escritorio/TFG/src/oculus_gz_navigator -DAMENT_CMAKE_SYMLINK_INSTALL=1 -DCMAKE_INSTALL_PREFIX=/home/patricia/Escritorio/TFG/install/oculus_gz_navigator
[0.089s] -- The C compiler identification is GNU 11.3.0
[0.136s] -- The CXX compiler identification is GNU 11.3.0
[0.143s] -- Detecting C compiler ABI info
[0.195s] -- Detecting C compiler ABI info - done
[0.200s] -- Check for working C compiler: /usr/bin/cc - skipped
[0.201s] -- Detecting C compile features
[0.201s] -- Detecting C compile features - done
[0.204s] -- Detecting CXX compiler ABI info
[0.251s] -- Detecting CXX compiler ABI info - done
[0.256s] -- Check for working CXX compiler: /usr/bin/c++ - skipped
[0.256s] -- Detecting CXX compile features
[0.257s] -- Detecting CXX compile features - done
[0.261s] -- Found ament_cmake: 1.3.2 (/opt/ros/humble/share/ament_cmake/cmake)
[0.372s] -- Found Python3: /usr/bin/python3.10 (found version "3.10.6") found components: Interpreter 
[0.413s] -- Override CMake install command with custom implementation using symlinks instead of copying resources
[0.461s] -- Found rclcpp: 16.0.1 (/opt/ros/humble/share/rclcpp/cmake)
[0.506s] -- Found rosidl_generator_c: 3.1.3 (/opt/ros/humble/share/rosidl_generator_c/cmake)
[0.510s] -- Found rosidl_adapter: 3.1.3 (/opt/ros/humble/share/rosidl_adapter/cmake)
[0.517s] -- Found rosidl_generator_cpp: 3.1.3 (/opt/ros/humble/share/rosidl_generator_cpp/cmake)
[0.529s] -- Using all available rosidl_typesupport_c: rosidl_typesupport_fastrtps_c;rosidl_typesupport_introspection_c
[0.546s] -- Using all available rosidl_typesupport_cpp: rosidl_typesupport_fastrtps_cpp;rosidl_typesupport_introspection_cpp
[0.593s] -- Found rmw_implementation_cmake: 6.1.0 (/opt/ros/humble/share/rmw_implementation_cmake/cmake)
[0.595s] -- Found rmw_fastrtps_cpp: 6.2.1 (/opt/ros/humble/share/rmw_fastrtps_cpp/cmake)
[0.657s] -- Found OpenSSL: /usr/lib/x86_64-linux-gnu/libcrypto.so (found version "3.0.2")  
[0.673s] -- Found FastRTPS: /opt/ros/humble/include  
[0.699s] -- Using RMW implementation 'rmw_fastrtps_cpp' as default
[0.806s] [31mCMake Error at CMakeLists.txt:11 (find_package):
[0.806s]   By not providing "Findgazebo_classic.cmake" in CMAKE_MODULE_PATH this
[0.806s]   project has asked CMake to find a package configuration file provided by
[0.806s]   "gazebo_classic", but CMake did not find one.
[0.806s] 
[0.806s]   Could not find a package configuration file provided by "gazebo_classic"
[0.806s]   with any of the following names:
[0.806s] 
[0.806s]     gazebo_classicConfig.cmake
[0.807s]     gazebo_classic-config.cmake
[0.807s] 
[0.807s]   Add the installation prefix of "gazebo_classic" to CMAKE_PREFIX_PATH or set
[0.807s]   "gazebo_classic_DIR" to a directory containing one of the above files.  If
[0.807s]   "gazebo_classic" provides a separate development package or SDK, be sure it
[0.807s]   has been installed.
[0.807s] 
[0.807s] [0m
[0.807s] -- Configuring incomplete, errors occurred!
[0.807s] See also "/home/patricia/Escritorio/TFG/build/oculus_gz_navigator/CMakeFiles/CMakeOutput.log".
[0.812s] Invoked command in '/home/patricia/Escritorio/TFG/build/oculus_gz_navigator' returned '1': CMAKE_PREFIX_PATH=/opt/ros/humble /usr/bin/cmake /home/patricia/Escritorio/TFG/src/oculus_gz_navigator -DAMENT_CMAKE_SYMLINK_INSTALL=1 -DCMAKE_INSTALL_PREFIX=/home/patricia/Escritorio/TFG/install/oculus_gz_navigator
