[0.009s] Invoking command in '/home/patricia/Escritorio/TFG/build/oculus_gz_navigator': CMAKE_PREFIX_PATH=/opt/ros/humble /usr/bin/cmake /home/patricia/Escritorio/TFG/src/oculus_gz_navigator -DAMENT_CMAKE_SYMLINK_INSTALL=1 -DCMAKE_INSTALL_PREFIX=/home/patricia/Escritorio/TFG/install/oculus_gz_navigator
[0.016s] -- Found ament_cmake: 1.3.2 (/opt/ros/humble/share/ament_cmake/cmake)
[0.101s] -- Override CMake install command with custom implementation using symlinks instead of copying resources
[0.105s] -- Found rclcpp: 16.0.1 (/opt/ros/humble/share/rclcpp/cmake)
[0.125s] -- Found rosidl_generator_c: 3.1.3 (/opt/ros/humble/share/rosidl_generator_c/cmake)
[0.127s] -- Found rosidl_adapter: 3.1.3 (/opt/ros/humble/share/rosidl_adapter/cmake)
[0.130s] -- Found rosidl_generator_cpp: 3.1.3 (/opt/ros/humble/share/rosidl_generator_cpp/cmake)
[0.137s] -- Using all available rosidl_typesupport_c: rosidl_typesupport_fastrtps_c;rosidl_typesupport_introspection_c
[0.146s] -- Using all available rosidl_typesupport_cpp: rosidl_typesupport_fastrtps_cpp;rosidl_typesupport_introspection_cpp
[0.180s] -- Found rmw_implementation_cmake: 6.1.0 (/opt/ros/humble/share/rmw_implementation_cmake/cmake)
[0.180s] -- Found rmw_fastrtps_cpp: 6.2.1 (/opt/ros/humble/share/rmw_fastrtps_cpp/cmake)
[0.248s] -- Using RMW implementation 'rmw_fastrtps_cpp' as default
[0.354s] [33mCMake Warning (dev) at /usr/share/cmake-3.22/Modules/FindPackageHandleStandardArgs.cmake:438 (message):
[0.354s]   The package name passed to `find_package_handle_standard_args` (PkgConfig)
[0.354s]   does not match the name of the calling package (Gazebo).  This can lead to
[0.355s]   problems in calling code that expects `find_package` result variables
[0.355s]   (e.g., `_FOUND`) to follow a certain pattern.
[0.355s] Call Stack (most recent call first):
[0.355s]   /usr/share/cmake-3.22/Modules/FindPkgConfig.cmake:99 (find_package_handle_standard_args)
[0.355s]   /usr/local/lib/cmake/gazebo/gazebo-config.cmake:62 (include)
[0.355s]   CMakeLists.txt:11 (find_package)
[0.355s] This warning is for project developers.  Use -Wno-dev to suppress it.
[0.355s] [0m
[0.355s] -- Found PkgConfig: /usr/bin/pkg-config (found version "0.29.2") 
[0.355s] -- Checking for module 'bullet>=2.82'
[0.361s] --   Found bullet, version 3.05
[0.427s] -- Found fcl: /usr/include (found suitable version "0.7.0", minimum required is "0.5.0") 
[0.463s] -- Found assimp: /usr/include (found version "5.2.0") 
[0.485s] -- Found DART: /usr/include (Required is at least version "6.6") found components: dart 
[0.602s] -- Found Boost: /usr/lib/x86_64-linux-gnu/cmake/Boost-1.74.0/BoostConfig.cmake (found suitable version "1.74.0", minimum required is "1.40.0") found components: thread system filesystem program_options regex iostreams date_time 
[0.617s] -- Found Protobuf: /usr/lib/x86_64-linux-gnu/libprotobuf.so (found version "3.12.4") 
[0.622s] -- Looking for ignition-math6 -- found version 6.12.0
[0.627s] -- Searching for dependencies of ignition-math6
[0.630s] -- Looking for OGRE...
[0.630s] -- OGRE_PREFIX_WATCH changed.
[0.633s] -- Checking for module 'OGRE'
[0.639s] --   Found OGRE, version 1.9.0
[0.656s] -- Found Ogre Ghadamon (1.9.0)
[0.661s] -- Found OGRE: optimized;/usr/lib/x86_64-linux-gnu/libOgreMain.so;debug;/usr/lib/x86_64-linux-gnu/libOgreMain.so
[0.667s] -- Looking for OGRE_Paging...
[0.670s] -- Found OGRE_Paging: optimized;/usr/lib/x86_64-linux-gnu/libOgrePaging.so;debug;/usr/lib/x86_64-linux-gnu/libOgrePaging.so
[0.670s] -- Looking for OGRE_Terrain...
[0.672s] -- Found OGRE_Terrain: optimized;/usr/lib/x86_64-linux-gnu/libOgreTerrain.so;debug;/usr/lib/x86_64-linux-gnu/libOgreTerrain.so
[0.673s] -- Looking for OGRE_Property...
[0.675s] -- Found OGRE_Property: optimized;/usr/lib/x86_64-linux-gnu/libOgreProperty.so;debug;/usr/lib/x86_64-linux-gnu/libOgreProperty.so
[0.675s] -- Looking for OGRE_RTShaderSystem...
[0.678s] -- Found OGRE_RTShaderSystem: optimized;/usr/lib/x86_64-linux-gnu/libOgreRTShaderSystem.so;debug;/usr/lib/x86_64-linux-gnu/libOgreRTShaderSystem.so
[0.678s] -- Looking for OGRE_Volume...
[0.681s] -- Found OGRE_Volume: optimized;/usr/lib/x86_64-linux-gnu/libOgreVolume.so;debug;/usr/lib/x86_64-linux-gnu/libOgreVolume.so
[0.681s] -- Looking for OGRE_Overlay...
[0.683s] -- Found OGRE_Overlay: optimized;/usr/lib/x86_64-linux-gnu/libOgreOverlay.so;debug;/usr/lib/x86_64-linux-gnu/libOgreOverlay.so
[0.739s] -- Looking for ignition-math6 -- found version 6.12.0
[0.741s] -- Looking for ignition-transport8 -- found version 8.2.1
[0.741s] -- Searching for dependencies of ignition-transport8
[0.751s] -- Found Protobuf: /usr/lib/x86_64-linux-gnu/libprotobuf.so (found suitable version "3.12.4", minimum required is "3") 
[0.757s] -- Config-file not installed for ZeroMQ -- checking for pkg-config
[0.760s] -- Checking for module 'libzmq >= 4'
[0.767s] --   Found libzmq , version 4.3.4
[0.784s] -- Found ZeroMQ: TRUE (Required is at least version "4") 
[0.788s] -- Checking for module 'uuid'
[0.794s] --   Found uuid, version 2.37.2
[0.811s] -- Found UUID: TRUE  
[0.813s] -- Looking for ignition-msgs5 -- found version 5.8.1
[0.814s] -- Searching for dependencies of ignition-msgs5
[0.824s] -- Looking for ignition-math6 -- found version 6.12.0
[0.827s] -- Checking for module 'tinyxml2'
[0.834s] --   Found tinyxml2, version 9.0.0
[0.852s] -- Looking for ignition-msgs5 -- found version 5.8.1
[0.854s] -- Looking for ignition-common3 -- found version 3.14.0
[0.854s] -- Searching for dependencies of ignition-common3
[0.854s] -- Looking for dlfcn.h - found
[0.855s] -- Looking for libdl - found
[0.856s] -- Found DL: TRUE  
[0.863s] -- Found tinyobjloader: /usr/lib/x86_64-linux-gnu/cmake/tinyobjloader/tinyobjloader-config.cmake (found version "2.0.0") 
[0.863s] -- Searching for <ignition-common3> component [graphics]
[0.864s] -- Looking for ignition-common3-graphics -- found version 3.14.0
[0.865s] -- Searching for dependencies of ignition-common3-graphics
[0.865s] -- Looking for ignition-math6 -- found version 6.12.0
[0.867s] -- Looking for ignition-fuel_tools4 -- found version 4.4.0
[0.867s] -- Searching for dependencies of ignition-fuel_tools4
[0.907s] -- Found CURL: /usr/lib/x86_64-linux-gnu/libcurl.so (found version "7.81.0")  
[0.912s] -- Checking for module 'jsoncpp'
[0.919s] --   Found jsoncpp, version 1.9.5
[0.936s] -- Found JSONCPP: TRUE  
[0.939s] -- Checking for module 'libzip'
[0.946s] --   Found libzip, version 1.7.3
[0.967s] -- Found ZIP: TRUE  
[0.967s] -- Looking for ignition-common3 -- found version 3.14.0
[0.968s] -- Looking for ignition-math6 -- found version 6.12.0
[0.968s] -- Looking for ignition-msgs5 -- found version 5.8.1
[0.973s] -- Found ament_lint_auto: 0.12.4 (/opt/ros/humble/share/ament_lint_auto/cmake)
[1.028s] -- Added test 'flake8' to check Python code syntax and style conventions
[1.028s] -- Added test 'lint_cmake' to check CMake code style
[1.029s] -- Added test 'pep257' to check Python code against some of the docstring style conventions in PEP 257
[1.029s] -- Added test 'xmllint' to check XML markup files
[1.031s] -- Configuring done
[1.034s] -- Generating done
[1.035s] -- Build files have been written to: /home/patricia/Escritorio/TFG/build/oculus_gz_navigator
[1.043s] Invoked command in '/home/patricia/Escritorio/TFG/build/oculus_gz_navigator' returned '0': CMAKE_PREFIX_PATH=/opt/ros/humble /usr/bin/cmake /home/patricia/Escritorio/TFG/src/oculus_gz_navigator -DAMENT_CMAKE_SYMLINK_INSTALL=1 -DCMAKE_INSTALL_PREFIX=/home/patricia/Escritorio/TFG/install/oculus_gz_navigator
[1.044s] Invoking command in '/home/patricia/Escritorio/TFG/build/oculus_gz_navigator': CMAKE_PREFIX_PATH=/opt/ros/humble /usr/bin/cmake --build /home/patricia/Escritorio/TFG/build/oculus_gz_navigator -- -j8 -l8
[1.068s] Invoked command in '/home/patricia/Escritorio/TFG/build/oculus_gz_navigator' returned '0': CMAKE_PREFIX_PATH=/opt/ros/humble /usr/bin/cmake --build /home/patricia/Escritorio/TFG/build/oculus_gz_navigator -- -j8 -l8
[1.085s] Invoking command in '/home/patricia/Escritorio/TFG/build/oculus_gz_navigator': CMAKE_PREFIX_PATH=/opt/ros/humble /usr/bin/cmake --install /home/patricia/Escritorio/TFG/build/oculus_gz_navigator
[1.089s] -- Install configuration: ""
[1.089s] -- Execute custom install script
[1.090s] -- Symlinking: /home/patricia/Escritorio/TFG/install/oculus_gz_navigator/share/oculus_gz_navigator/launch/empty_world.launch.py
[1.094s] -- Symlinking: /home/patricia/Escritorio/TFG/install/oculus_gz_navigator/share/oculus_gz_navigator/launch/oculus_keyboard_launch.py
[1.098s] -- Symlinking: /home/patricia/Escritorio/TFG/install/oculus_gz_navigator/share/oculus_gz_navigator/launch/oculus_nav_keyboard_op_launch.py
[1.103s] -- Symlinking: /home/patricia/Escritorio/TFG/install/oculus_gz_navigator/share/ament_index/resource_index/package_run_dependencies/oculus_gz_navigator
[1.107s] -- Symlinking: /home/patricia/Escritorio/TFG/install/oculus_gz_navigator/share/ament_index/resource_index/parent_prefix_path/oculus_gz_navigator
[1.111s] -- Symlinking: /home/patricia/Escritorio/TFG/install/oculus_gz_navigator/share/oculus_gz_navigator/environment/ament_prefix_path.sh
[1.115s] -- Symlinking: /home/patricia/Escritorio/TFG/install/oculus_gz_navigator/share/oculus_gz_navigator/environment/ament_prefix_path.dsv
[1.119s] -- Symlinking: /home/patricia/Escritorio/TFG/install/oculus_gz_navigator/share/oculus_gz_navigator/environment/path.sh
[1.123s] -- Symlinking: /home/patricia/Escritorio/TFG/install/oculus_gz_navigator/share/oculus_gz_navigator/environment/path.dsv
[1.128s] -- Symlinking: /home/patricia/Escritorio/TFG/install/oculus_gz_navigator/share/oculus_gz_navigator/local_setup.bash
[1.132s] -- Symlinking: /home/patricia/Escritorio/TFG/install/oculus_gz_navigator/share/oculus_gz_navigator/local_setup.sh
[1.137s] -- Symlinking: /home/patricia/Escritorio/TFG/install/oculus_gz_navigator/share/oculus_gz_navigator/local_setup.zsh
[1.142s] -- Symlinking: /home/patricia/Escritorio/TFG/install/oculus_gz_navigator/share/oculus_gz_navigator/local_setup.dsv
[1.146s] -- Symlinking: /home/patricia/Escritorio/TFG/install/oculus_gz_navigator/share/oculus_gz_navigator/package.dsv
[1.151s] -- Symlinking: /home/patricia/Escritorio/TFG/install/oculus_gz_navigator/share/ament_index/resource_index/packages/oculus_gz_navigator
[1.155s] -- Symlinking: /home/patricia/Escritorio/TFG/install/oculus_gz_navigator/share/oculus_gz_navigator/cmake/oculus_gz_navigatorConfig.cmake
[1.160s] -- Symlinking: /home/patricia/Escritorio/TFG/install/oculus_gz_navigator/share/oculus_gz_navigator/cmake/oculus_gz_navigatorConfig-version.cmake
[1.165s] -- Symlinking: /home/patricia/Escritorio/TFG/install/oculus_gz_navigator/share/oculus_gz_navigator/package.xml
[1.171s] Invoked command in '/home/patricia/Escritorio/TFG/build/oculus_gz_navigator' returned '0': CMAKE_PREFIX_PATH=/opt/ros/humble /usr/bin/cmake --install /home/patricia/Escritorio/TFG/build/oculus_gz_navigator
