[0.317s] DEBUG:colcon:Command line arguments: ['/home/patricia/.local/bin/colcon', 'build', '--symlink-install']
[0.317s] DEBUG:colcon:Parsed command line arguments: Namespace(log_base=None, log_level=None, verb_name='build', build_base='build', install_base='install', merge_install=False, symlink_install=True, test_result_base=None, continue_on_error=False, executor='parallel', parallel_workers=8, event_handlers=None, ignore_user_meta=False, metas=['./colcon.meta'], base_paths=['.'], packages_ignore=None, packages_ignore_regex=None, paths=None, packages_up_to=None, packages_up_to_regex=None, packages_above=None, packages_above_and_dependencies=None, packages_above_depth=None, packages_select_by_dep=None, packages_skip_by_dep=None, packages_skip_up_to=None, packages_select_build_failed=False, packages_skip_build_finished=False, packages_select_test_failures=False, packages_skip_test_passed=False, packages_select=None, packages_skip=None, packages_select_regex=None, packages_skip_regex=None, packages_start=None, packages_end=None, allow_overriding=[], cmake_args=None, cmake_target=None, cmake_target_skip_unavailable=False, cmake_clean_cache=False, cmake_clean_first=False, cmake_force_configure=False, ament_cmake_args=None, catkin_cmake_args=None, catkin_skip_building_tests=False, verb_parser=<colcon_defaults.argument_parser.defaults.DefaultArgumentsDecorator object at 0x7f8bae8ddae0>, verb_extension=<colcon_core.verb.build.BuildVerb object at 0x7f8baf22b130>, main=<bound method BuildVerb.main of <colcon_core.verb.build.BuildVerb object at 0x7f8baf22b130>>)
[0.340s] Level 1:colcon.colcon_core.package_discovery:discover_packages(colcon_meta) check parameters
[0.340s] Level 1:colcon.colcon_core.package_discovery:discover_packages(recursive) check parameters
[0.340s] Level 1:colcon.colcon_core.package_discovery:discover_packages(ignore) check parameters
[0.340s] Level 1:colcon.colcon_core.package_discovery:discover_packages(path) check parameters
[0.340s] Level 1:colcon.colcon_core.package_discovery:discover_packages(colcon_meta) discover
[0.340s] Level 1:colcon.colcon_core.package_discovery:discover_packages(recursive) discover
[0.340s] INFO:colcon.colcon_core.package_discovery:Crawling recursively for packages in '/home/patricia/Escritorio/TFG'
[0.340s] Level 1:colcon.colcon_core.package_identification:_identify(.) by extensions ['ignore', 'ignore_ament_install']
[0.340s] Level 1:colcon.colcon_core.package_identification:_identify(.) by extension 'ignore'
[0.340s] Level 1:colcon.colcon_core.package_identification:_identify(.) by extension 'ignore_ament_install'
[0.340s] Level 1:colcon.colcon_core.package_identification:_identify(.) by extensions ['colcon_pkg']
[0.340s] Level 1:colcon.colcon_core.package_identification:_identify(.) by extension 'colcon_pkg'
[0.340s] Level 1:colcon.colcon_core.package_identification:_identify(.) by extensions ['colcon_meta']
[0.340s] Level 1:colcon.colcon_core.package_identification:_identify(.) by extension 'colcon_meta'
[0.340s] Level 1:colcon.colcon_core.package_identification:_identify(.) by extensions ['ros']
[0.340s] Level 1:colcon.colcon_core.package_identification:_identify(.) by extension 'ros'
[0.347s] Level 1:colcon.colcon_core.package_identification:_identify(.) by extensions ['cmake', 'python']
[0.348s] Level 1:colcon.colcon_core.package_identification:_identify(.) by extension 'cmake'
[0.348s] Level 1:colcon.colcon_core.package_identification:_identify(.) by extension 'python'
[0.348s] Level 1:colcon.colcon_core.package_identification:_identify(.) by extensions ['python_setup_py']
[0.348s] Level 1:colcon.colcon_core.package_identification:_identify(.) by extension 'python_setup_py'
[0.348s] Level 1:colcon.colcon_core.package_identification:_identify(build) by extensions ['ignore', 'ignore_ament_install']
[0.348s] Level 1:colcon.colcon_core.package_identification:_identify(build) by extension 'ignore'
[0.348s] Level 1:colcon.colcon_core.package_identification:_identify(build) ignored
[0.348s] Level 1:colcon.colcon_core.package_identification:_identify(install) by extensions ['ignore', 'ignore_ament_install']
[0.348s] Level 1:colcon.colcon_core.package_identification:_identify(install) by extension 'ignore'
[0.348s] Level 1:colcon.colcon_core.package_identification:_identify(install) ignored
[0.348s] Level 1:colcon.colcon_core.package_identification:_identify(log) by extensions ['ignore', 'ignore_ament_install']
[0.348s] Level 1:colcon.colcon_core.package_identification:_identify(log) by extension 'ignore'
[0.348s] Level 1:colcon.colcon_core.package_identification:_identify(log) ignored
[0.348s] Level 1:colcon.colcon_core.package_identification:_identify(src) by extensions ['ignore', 'ignore_ament_install']
[0.348s] Level 1:colcon.colcon_core.package_identification:_identify(src) by extension 'ignore'
[0.348s] Level 1:colcon.colcon_core.package_identification:_identify(src) by extension 'ignore_ament_install'
[0.348s] Level 1:colcon.colcon_core.package_identification:_identify(src) by extensions ['colcon_pkg']
[0.348s] Level 1:colcon.colcon_core.package_identification:_identify(src) by extension 'colcon_pkg'
[0.348s] Level 1:colcon.colcon_core.package_identification:_identify(src) by extensions ['colcon_meta']
[0.348s] Level 1:colcon.colcon_core.package_identification:_identify(src) by extension 'colcon_meta'
[0.348s] Level 1:colcon.colcon_core.package_identification:_identify(src) by extensions ['ros']
[0.348s] Level 1:colcon.colcon_core.package_identification:_identify(src) by extension 'ros'
[0.348s] Level 1:colcon.colcon_core.package_identification:_identify(src) by extensions ['cmake', 'python']
[0.348s] Level 1:colcon.colcon_core.package_identification:_identify(src) by extension 'cmake'
[0.348s] Level 1:colcon.colcon_core.package_identification:_identify(src) by extension 'python'
[0.348s] Level 1:colcon.colcon_core.package_identification:_identify(src) by extensions ['python_setup_py']
[0.348s] Level 1:colcon.colcon_core.package_identification:_identify(src) by extension 'python_setup_py'
[0.348s] Level 1:colcon.colcon_core.package_identification:_identify(src/oculus_gz_navigator) by extensions ['ignore', 'ignore_ament_install']
[0.349s] Level 1:colcon.colcon_core.package_identification:_identify(src/oculus_gz_navigator) by extension 'ignore'
[0.349s] Level 1:colcon.colcon_core.package_identification:_identify(src/oculus_gz_navigator) by extension 'ignore_ament_install'
[0.349s] Level 1:colcon.colcon_core.package_identification:_identify(src/oculus_gz_navigator) by extensions ['colcon_pkg']
[0.349s] Level 1:colcon.colcon_core.package_identification:_identify(src/oculus_gz_navigator) by extension 'colcon_pkg'
[0.349s] Level 1:colcon.colcon_core.package_identification:_identify(src/oculus_gz_navigator) by extensions ['colcon_meta']
[0.349s] Level 1:colcon.colcon_core.package_identification:_identify(src/oculus_gz_navigator) by extension 'colcon_meta'
[0.349s] Level 1:colcon.colcon_core.package_identification:_identify(src/oculus_gz_navigator) by extensions ['ros']
[0.349s] Level 1:colcon.colcon_core.package_identification:_identify(src/oculus_gz_navigator) by extension 'ros'
[0.350s] DEBUG:colcon.colcon_core.package_identification:Package 'src/oculus_gz_navigator' with type 'ros.ament_cmake' and name 'oculus_gz_navigator'
[0.350s] Level 1:colcon.colcon_core.package_discovery:discover_packages(recursive) using defaults
[0.351s] Level 1:colcon.colcon_core.package_discovery:discover_packages(ignore) discover
[0.351s] Level 1:colcon.colcon_core.package_discovery:discover_packages(ignore) using defaults
[0.351s] Level 1:colcon.colcon_core.package_discovery:discover_packages(path) discover
[0.351s] Level 1:colcon.colcon_core.package_discovery:discover_packages(path) using defaults
[0.372s] Level 1:colcon.colcon_core.package_discovery:discover_packages(prefix_path) check parameters
[0.372s] Level 1:colcon.colcon_core.package_discovery:discover_packages(prefix_path) discover
[0.377s] DEBUG:colcon.colcon_installed_package_information.package_discovery:Found 1 installed packages in /home/patricia/Escritorio/TFG/install
[0.379s] DEBUG:colcon.colcon_installed_package_information.package_discovery:Found 276 installed packages in /opt/ros/humble
[0.380s] Level 1:colcon.colcon_core.package_discovery:discover_packages(prefix_path) using defaults
[0.415s] Level 5:colcon.colcon_core.verb:set package 'oculus_gz_navigator' build argument 'cmake_args' from command line to 'None'
[0.415s] Level 5:colcon.colcon_core.verb:set package 'oculus_gz_navigator' build argument 'cmake_target' from command line to 'None'
[0.415s] Level 5:colcon.colcon_core.verb:set package 'oculus_gz_navigator' build argument 'cmake_target_skip_unavailable' from command line to 'False'
[0.415s] Level 5:colcon.colcon_core.verb:set package 'oculus_gz_navigator' build argument 'cmake_clean_cache' from command line to 'False'
[0.415s] Level 5:colcon.colcon_core.verb:set package 'oculus_gz_navigator' build argument 'cmake_clean_first' from command line to 'False'
[0.415s] Level 5:colcon.colcon_core.verb:set package 'oculus_gz_navigator' build argument 'cmake_force_configure' from command line to 'False'
[0.415s] Level 5:colcon.colcon_core.verb:set package 'oculus_gz_navigator' build argument 'ament_cmake_args' from command line to 'None'
[0.416s] Level 5:colcon.colcon_core.verb:set package 'oculus_gz_navigator' build argument 'catkin_cmake_args' from command line to 'None'
[0.416s] Level 5:colcon.colcon_core.verb:set package 'oculus_gz_navigator' build argument 'catkin_skip_building_tests' from command line to 'False'
[0.416s] DEBUG:colcon.colcon_core.verb:Building package 'oculus_gz_navigator' with the following arguments: {'ament_cmake_args': None, 'build_base': '/home/patricia/Escritorio/TFG/build/oculus_gz_navigator', 'catkin_cmake_args': None, 'catkin_skip_building_tests': False, 'cmake_args': None, 'cmake_clean_cache': False, 'cmake_clean_first': False, 'cmake_force_configure': False, 'cmake_target': None, 'cmake_target_skip_unavailable': False, 'install_base': '/home/patricia/Escritorio/TFG/install/oculus_gz_navigator', 'merge_install': False, 'path': '/home/patricia/Escritorio/TFG/src/oculus_gz_navigator', 'symlink_install': True, 'test_result_base': None}
[0.416s] INFO:colcon.colcon_core.executor:Executing jobs using 'parallel' executor
[0.422s] DEBUG:colcon.colcon_parallel_executor.executor.parallel:run_until_complete
[0.422s] INFO:colcon.colcon_ros.task.ament_cmake.build:Building ROS package in '/home/patricia/Escritorio/TFG/src/oculus_gz_navigator' with build type 'ament_cmake'
[0.423s] INFO:colcon.colcon_cmake.task.cmake.build:Building CMake package in '/home/patricia/Escritorio/TFG/src/oculus_gz_navigator'
[0.428s] INFO:colcon.colcon_core.plugin_system:Skipping extension 'colcon_core.shell.bat': Not used on non-Windows systems
[0.428s] INFO:colcon.colcon_core.shell:Skip shell extension 'powershell' for command environment: Not usable outside of PowerShell
[0.428s] DEBUG:colcon.colcon_core.shell:Skip shell extension 'dsv' for command environment
[0.439s] DEBUG:colcon.colcon_core.event_handler.log_command:Invoking command in '/home/patricia/Escritorio/TFG/build/oculus_gz_navigator': CMAKE_PREFIX_PATH=${CMAKE_PREFIX_PATH}:/opt/ros/humble /usr/bin/cmake --build /home/patricia/Escritorio/TFG/build/oculus_gz_navigator -- -j8 -l8
[0.496s] DEBUG:colcon.colcon_core.event_handler.log_command:Invoked command in '/home/patricia/Escritorio/TFG/build/oculus_gz_navigator' returned '0': CMAKE_PREFIX_PATH=${CMAKE_PREFIX_PATH}:/opt/ros/humble /usr/bin/cmake --build /home/patricia/Escritorio/TFG/build/oculus_gz_navigator -- -j8 -l8
[0.512s] DEBUG:colcon.colcon_core.event_handler.log_command:Invoking command in '/home/patricia/Escritorio/TFG/build/oculus_gz_navigator': CMAKE_PREFIX_PATH=${CMAKE_PREFIX_PATH}:/opt/ros/humble /usr/bin/cmake --install /home/patricia/Escritorio/TFG/build/oculus_gz_navigator
[0.524s] Level 1:colcon.colcon_core.environment:create_environment_scripts_only(oculus_gz_navigator)
[0.526s] DEBUG:colcon.colcon_core.event_handler.log_command:Invoked command in '/home/patricia/Escritorio/TFG/build/oculus_gz_navigator' returned '0': CMAKE_PREFIX_PATH=${CMAKE_PREFIX_PATH}:/opt/ros/humble /usr/bin/cmake --install /home/patricia/Escritorio/TFG/build/oculus_gz_navigator
[0.530s] Level 1:colcon.colcon_core.environment:checking '/home/patricia/Escritorio/TFG/install/oculus_gz_navigator' for CMake module files
[0.530s] Level 1:colcon.colcon_core.environment:checking '/home/patricia/Escritorio/TFG/install/oculus_gz_navigator' for CMake config files
[0.530s] Level 1:colcon.colcon_core.shell:create_environment_hook('oculus_gz_navigator', 'cmake_prefix_path')
[0.534s] INFO:colcon.colcon_core.shell:Creating environment hook '/home/patricia/Escritorio/TFG/install/oculus_gz_navigator/share/oculus_gz_navigator/hook/cmake_prefix_path.ps1'
[0.534s] INFO:colcon.colcon_core.shell:Creating environment descriptor '/home/patricia/Escritorio/TFG/install/oculus_gz_navigator/share/oculus_gz_navigator/hook/cmake_prefix_path.dsv'
[0.534s] INFO:colcon.colcon_core.shell:Creating environment hook '/home/patricia/Escritorio/TFG/install/oculus_gz_navigator/share/oculus_gz_navigator/hook/cmake_prefix_path.sh'
[0.535s] Level 1:colcon.colcon_core.environment:checking '/home/patricia/Escritorio/TFG/install/oculus_gz_navigator/bin'
[0.535s] Level 1:colcon.colcon_core.environment:checking '/home/patricia/Escritorio/TFG/install/oculus_gz_navigator/lib/pkgconfig/oculus_gz_navigator.pc'
[0.535s] Level 1:colcon.colcon_core.environment:checking '/home/patricia/Escritorio/TFG/install/oculus_gz_navigator/lib/python3.10/site-packages'
[0.535s] Level 1:colcon.colcon_core.environment:checking '/home/patricia/Escritorio/TFG/install/oculus_gz_navigator/bin'
[0.538s] INFO:colcon.colcon_core.shell:Creating package script '/home/patricia/Escritorio/TFG/install/oculus_gz_navigator/share/oculus_gz_navigator/package.ps1'
[0.539s] INFO:colcon.colcon_core.shell:Creating package descriptor '/home/patricia/Escritorio/TFG/install/oculus_gz_navigator/share/oculus_gz_navigator/package.dsv'
[0.539s] INFO:colcon.colcon_core.shell:Creating package script '/home/patricia/Escritorio/TFG/install/oculus_gz_navigator/share/oculus_gz_navigator/package.sh'
[0.539s] INFO:colcon.colcon_core.shell:Creating package script '/home/patricia/Escritorio/TFG/install/oculus_gz_navigator/share/oculus_gz_navigator/package.bash'
[0.540s] INFO:colcon.colcon_core.shell:Creating package script '/home/patricia/Escritorio/TFG/install/oculus_gz_navigator/share/oculus_gz_navigator/package.zsh'
[0.540s] Level 1:colcon.colcon_core.environment:create_file_with_runtime_dependencies(/home/patricia/Escritorio/TFG/install/oculus_gz_navigator/share/colcon-core/packages/oculus_gz_navigator)
[0.555s] Level 1:colcon.colcon_core.environment:create_environment_scripts_only(oculus_gz_navigator)
[0.558s] Level 1:colcon.colcon_core.environment:checking '/home/patricia/Escritorio/TFG/install/oculus_gz_navigator' for CMake module files
[0.558s] Level 1:colcon.colcon_core.environment:checking '/home/patricia/Escritorio/TFG/install/oculus_gz_navigator' for CMake config files
[0.558s] Level 1:colcon.colcon_core.shell:create_environment_hook('oculus_gz_navigator', 'cmake_prefix_path')
[0.561s] INFO:colcon.colcon_core.shell:Creating environment hook '/home/patricia/Escritorio/TFG/install/oculus_gz_navigator/share/oculus_gz_navigator/hook/cmake_prefix_path.ps1'
[0.561s] INFO:colcon.colcon_core.shell:Creating environment descriptor '/home/patricia/Escritorio/TFG/install/oculus_gz_navigator/share/oculus_gz_navigator/hook/cmake_prefix_path.dsv'
[0.562s] INFO:colcon.colcon_core.shell:Creating environment hook '/home/patricia/Escritorio/TFG/install/oculus_gz_navigator/share/oculus_gz_navigator/hook/cmake_prefix_path.sh'
[0.562s] Level 1:colcon.colcon_core.environment:checking '/home/patricia/Escritorio/TFG/install/oculus_gz_navigator/bin'
[0.562s] Level 1:colcon.colcon_core.environment:checking '/home/patricia/Escritorio/TFG/install/oculus_gz_navigator/lib/pkgconfig/oculus_gz_navigator.pc'
[0.562s] Level 1:colcon.colcon_core.environment:checking '/home/patricia/Escritorio/TFG/install/oculus_gz_navigator/lib/python3.10/site-packages'
[0.562s] Level 1:colcon.colcon_core.environment:checking '/home/patricia/Escritorio/TFG/install/oculus_gz_navigator/bin'
[0.565s] INFO:colcon.colcon_core.shell:Creating package script '/home/patricia/Escritorio/TFG/install/oculus_gz_navigator/share/oculus_gz_navigator/package.ps1'
[0.565s] INFO:colcon.colcon_core.shell:Creating package descriptor '/home/patricia/Escritorio/TFG/install/oculus_gz_navigator/share/oculus_gz_navigator/package.dsv'
[0.566s] INFO:colcon.colcon_core.shell:Creating package script '/home/patricia/Escritorio/TFG/install/oculus_gz_navigator/share/oculus_gz_navigator/package.sh'
[0.566s] INFO:colcon.colcon_core.shell:Creating package script '/home/patricia/Escritorio/TFG/install/oculus_gz_navigator/share/oculus_gz_navigator/package.bash'
[0.566s] INFO:colcon.colcon_core.shell:Creating package script '/home/patricia/Escritorio/TFG/install/oculus_gz_navigator/share/oculus_gz_navigator/package.zsh'
[0.566s] Level 1:colcon.colcon_core.environment:create_file_with_runtime_dependencies(/home/patricia/Escritorio/TFG/install/oculus_gz_navigator/share/colcon-core/packages/oculus_gz_navigator)
[0.566s] DEBUG:colcon.colcon_parallel_executor.executor.parallel:closing loop
[0.567s] DEBUG:colcon.colcon_parallel_executor.executor.parallel:loop closed
[0.567s] DEBUG:colcon.colcon_parallel_executor.executor.parallel:run_until_complete finished with '0'
[0.567s] DEBUG:colcon.colcon_core.event_reactor:joining thread
[0.572s] INFO:colcon.colcon_core.plugin_system:Skipping extension 'colcon_notification.desktop_notification.terminal_notifier': Not used on non-Darwin systems
[0.572s] INFO:colcon.colcon_core.plugin_system:Skipping extension 'colcon_notification.desktop_notification.win32': Not used on non-Windows systems
[0.572s] INFO:colcon.colcon_notification.desktop_notification:Sending desktop notification using 'notify2'
[0.582s] DEBUG:colcon.colcon_core.event_reactor:joined thread
[0.585s] INFO:colcon.colcon_core.shell:Creating prefix script '/home/patricia/Escritorio/TFG/install/local_setup.ps1'
[0.586s] INFO:colcon.colcon_core.shell:Creating prefix util module '/home/patricia/Escritorio/TFG/install/_local_setup_util_ps1.py'
[0.587s] INFO:colcon.colcon_core.shell:Creating prefix chain script '/home/patricia/Escritorio/TFG/install/setup.ps1'
[0.589s] INFO:colcon.colcon_core.shell:Creating prefix script '/home/patricia/Escritorio/TFG/install/local_setup.sh'
[0.590s] INFO:colcon.colcon_core.shell:Creating prefix util module '/home/patricia/Escritorio/TFG/install/_local_setup_util_sh.py'
[0.590s] INFO:colcon.colcon_core.shell:Creating prefix chain script '/home/patricia/Escritorio/TFG/install/setup.sh'
[0.593s] INFO:colcon.colcon_core.shell:Creating prefix script '/home/patricia/Escritorio/TFG/install/local_setup.bash'
[0.593s] INFO:colcon.colcon_core.shell:Creating prefix chain script '/home/patricia/Escritorio/TFG/install/setup.bash'
[0.596s] INFO:colcon.colcon_core.shell:Creating prefix script '/home/patricia/Escritorio/TFG/install/local_setup.zsh'
[0.596s] INFO:colcon.colcon_core.shell:Creating prefix chain script '/home/patricia/Escritorio/TFG/install/setup.zsh'
